-------------------------------------------------------------------------------
Test set: TestSuite
-------------------------------------------------------------------------------
Tests run: 2, Failures: 1, Errors: 0, Skipped: 0, Time elapsed: 71.485 s <<< FAILURE! - in TestSuite
testcases.FlightSearchTest.searchFlight[Delhi, Hyderabad, Jul 13, 2021, Jul 20, 2021](1)  Time elapsed: 11.387 s  <<< FAILURE!
java.lang.AssertionError: expected [true] but found [false]
	at testcases.FlightSearchTest.searchFlight(FlightSearchTest.java:39)

